FILE_TYPE=LIBRARY_PARTS;
PRIMITIVE 'TMPS_05_105','TMPS_05_105_Other';
  PIN
    'AC(N)':
      PIN_NUMBER='(1)';
      NO_LOAD_CHECK=BOTH;
      NO_IO_CHECK=BOTH;
      ALLOW_CONNECT=TRUE;
      PINUSE='UNSPEC';
    'AC(L)':
      PIN_NUMBER='(2)';
      NO_LOAD_CHECK=BOTH;
      NO_IO_CHECK=BOTH;
      ALLOW_CONNECT=TRUE;
      PINUSE='UNSPEC';
    'NC':
      PIN_NUMBER='(3)';
      NO_LOAD_CHECK=BOTH;
      NO_IO_CHECK=BOTH;
      ALLOW_CONNECT=TRUE;
      PINUSE='NC';
    '-VOUT':
      PIN_NUMBER='(4)';
      NO_LOAD_CHECK=BOTH;
      NO_IO_CHECK=BOTH;
      ALLOW_CONNECT=TRUE;
      PINUSE='UNSPEC';
    '+VOUT':
      PIN_NUMBER='(5)';
      NO_LOAD_CHECK=BOTH;
      NO_IO_CHECK=BOTH;
      ALLOW_CONNECT=TRUE;
      PINUSE='UNSPEC';
  END_PIN;
  BODY
    PART_NAME='TMPS_05_105';
    PHYS_DES_PREFIX='PS';
    NO_LOAD_CHECK='TRUE';
    PIN_COUNT='5';
    BODY_NAME='TMPS_05_105';
    JEDEC_TYPE='TMPS05-105';
  END_BODY;
END_PRIMITIVE;
END.
